

Microchip Technology PIC LITE Macro Assembler V1.45 build -152302408 
                                                                                               Thu Feb 13 16:43:38 2020

Microchip Technology Omniscient Code Generator v1.45 (Free mode) build 201711160504
     1                           	processor	16F887
     2                           	opt	pw 120
     3                           	opt	lm
     4                           	psect	cinit,global,class=CODE,merge=1,delta=2
     5                           	psect	bssCOMMON,global,class=COMMON,space=1,delta=1
     6                           	psect	cstackCOMMON,global,class=COMMON,space=1,delta=1
     7                           	psect	maintext,global,class=CODE,split=1,delta=2
     8                           	dabs	1,0x7E,2
     9  0000                     
    10                           ; Version 1.45
    11                           ; Generated 16/11/2017 GMT
    12                           ; 
    13                           ; Copyright © 2017, Microchip Technology Inc. and its subsidiaries ("Microchip")
    14                           ; All rights reserved.
    15                           ; 
    16                           ; This software is developed by Microchip Technology Inc. and its subsidiaries ("Microch
      +                          ip").
    17                           ; 
    18                           ; Redistribution and use in source and binary forms, with or without modification, are
    19                           ; permitted provided that the following conditions are met:
    20                           ; 
    21                           ;     1. Redistributions of source code must retain the above copyright notice, this lis
      +                          t of
    22                           ;        conditions and the following disclaimer.
    23                           ; 
    24                           ;     2. Redistributions in binary form must reproduce the above copyright notice, this 
      +                          list
    25                           ;        of conditions and the following disclaimer in the documentation and/or other
    26                           ;        materials provided with the distribution.
    27                           ; 
    28                           ;     3. Microchip's name may not be used to endorse or promote products derived from th
      +                          is
    29                           ;        software without specific prior written permission.
    30                           ; 
    31                           ; THIS SOFTWARE IS PROVIDED BY MICROCHIP "AS IS" AND ANY EXPRESS OR IMPLIED WARRANTIES,
    32                           ; INCLUDING, BUT NOT LIMITED TO, THE IMPLIED WARRANTIES OF MERCHANTABILITY AND FITNESS F
      +                          OR
    33                           ; PURPOSE ARE DISCLAIMED.  IN NO EVENT SHALL MICROCHIP BE LIABLE FOR ANY DIRECT, INDIREC
      +                          T,
    34                           ; INCIDENTAL, SPECIAL, EXEMPLARY, OR CONSEQUENTIAL DAMAGES (INCLUDING BUT NOT LIMITED TO
    35                           ; PROCUREMENT OF SUBSTITUTE GOODS OR SERVICES; LOSS OF USE, DATA OR PROFITS; OR BUSINESS
    36                           ; INTERRUPTION) HOWSOEVER CAUSED AND ON ANY THEORY OF LIABILITY, WHETHER IN CONTRACT, ST
      +                          RICT
    37                           ; LIABILITY, OR TORT (INCLUDING NEGLIGENCE OR OTHERWISE) ARISING IN ANY WAY OUT OF THE U
      +                          SE OF
    38                           ; THIS SOFTWARE, EVEN IF ADVISED OF THE POSSIBILITY OF SUCH DAMAGE.
    39                           ; 
    40                           ; 
    41                           ; Code-generator required, PIC16F887 Definitions
    42                           ; 
    43                           ; SFR Addresses
    44  0000                     	;# 
    45  0001                     	;# 
    46  0002                     	;# 
    47  0003                     	;# 
    48  0004                     	;# 
    49  0005                     	;# 
    50  0006                     	;# 
    51  0007                     	;# 
    52  0008                     	;# 
    53  0009                     	;# 
    54  000A                     	;# 
    55  000B                     	;# 
    56  000C                     	;# 
    57  000D                     	;# 
    58  000E                     	;# 
    59  000E                     	;# 
    60  000F                     	;# 
    61  0010                     	;# 
    62  0011                     	;# 
    63  0012                     	;# 
    64  0013                     	;# 
    65  0014                     	;# 
    66  0015                     	;# 
    67  0015                     	;# 
    68  0016                     	;# 
    69  0017                     	;# 
    70  0018                     	;# 
    71  0019                     	;# 
    72  001A                     	;# 
    73  001B                     	;# 
    74  001B                     	;# 
    75  001C                     	;# 
    76  001D                     	;# 
    77  001E                     	;# 
    78  001F                     	;# 
    79  0081                     	;# 
    80  0085                     	;# 
    81  0086                     	;# 
    82  0087                     	;# 
    83  0088                     	;# 
    84  0089                     	;# 
    85  008C                     	;# 
    86  008D                     	;# 
    87  008E                     	;# 
    88  008F                     	;# 
    89  0090                     	;# 
    90  0091                     	;# 
    91  0092                     	;# 
    92  0093                     	;# 
    93  0093                     	;# 
    94  0093                     	;# 
    95  0094                     	;# 
    96  0095                     	;# 
    97  0096                     	;# 
    98  0097                     	;# 
    99  0098                     	;# 
   100  0099                     	;# 
   101  009A                     	;# 
   102  009B                     	;# 
   103  009C                     	;# 
   104  009D                     	;# 
   105  009E                     	;# 
   106  009F                     	;# 
   107  0105                     	;# 
   108  0107                     	;# 
   109  0108                     	;# 
   110  0109                     	;# 
   111  010C                     	;# 
   112  010C                     	;# 
   113  010D                     	;# 
   114  010E                     	;# 
   115  010F                     	;# 
   116  0185                     	;# 
   117  0187                     	;# 
   118  0188                     	;# 
   119  0189                     	;# 
   120  018C                     	;# 
   121  018D                     	;# 
   122  0006                     _PORTB	set	6
   123  0086                     _TRISB	set	134
   124  0189                     _ANSELH	set	393
   125  0188                     _ANSEL	set	392
   126                           
   127                           	psect	cinit
   128  07F6                     start_initialization:	
   129                           ; #config settings
   130                           
   131  07F6                     __initialization:	
   132                           
   133                           ; Clear objects allocated to COMMON
   134  07F6  01F0               	clrf	__pbssCOMMON& (0+127)
   135  07F7  01F1               	clrf	(__pbssCOMMON+1)& (0+127)
   136  07F8  01F2               	clrf	(__pbssCOMMON+2)& (0+127)
   137  07F9  01F3               	clrf	(__pbssCOMMON+3)& (0+127)
   138  07FA  01F4               	clrf	(__pbssCOMMON+4)& (0+127)
   139  07FB  01F5               	clrf	(__pbssCOMMON+5)& (0+127)
   140  07FC                     end_of_initialization:	
   141                           ;End of C runtime variable initialization code
   142                           
   143  07FC                     __end_of__initialization:	
   144  07FC  0183               	clrf	3
   145  07FD  120A  118A  2FD9   	ljmp	_main	;jump to C main() function
   146                           
   147                           	psect	bssCOMMON
   148  0070                     __pbssCOMMON:	
   149  0070                     _global1:	
   150  0070                     	ds	2
   151  0072                     _global3:	
   152  0072                     	ds	2
   153  0074                     _global4:	
   154  0074                     	ds	1
   155  0075                     _global2:	
   156  0075                     	ds	1
   157                           
   158                           	psect	cstackCOMMON
   159  0076                     __pcstackCOMMON:	
   160  0076                     ?_main:	
   161  0076                     ??_main:	
   162                           ; 1 bytes @ 0x0
   163                           
   164                           
   165                           ; 1 bytes @ 0x0
   166  0076                     	ds	3
   167                           
   168                           	psect	maintext
   169  07D9                     __pmaintext:	
   170 ;;
   171 ;;Main: autosize = 0, tempsize = 3, incstack = 0, save=0
   172 ;;
   173 ;; *************** function _main *****************
   174 ;; Defined at:
   175 ;;		line 12 in file "C:\Users\PC-09\Desktop\PortableGit\ecai11\dc-motor-control\code\main.c"
   176 ;; Parameters:    Size  Location     Type
   177 ;;		None
   178 ;; Auto vars:     Size  Location     Type
   179 ;;		None
   180 ;; Return value:  Size  Location     Type
   181 ;;                  1    wreg      void 
   182 ;; Registers used:
   183 ;;		wreg, status,2, status,0
   184 ;; Tracked objects:
   185 ;;		On entry : B00/0
   186 ;;		On exit  : 0/0
   187 ;;		Unchanged: 0/0
   188 ;; Data sizes:     COMMON   BANK0   BANK1   BANK3   BANK2
   189 ;;      Params:         0       0       0       0       0
   190 ;;      Locals:         0       0       0       0       0
   191 ;;      Temps:          3       0       0       0       0
   192 ;;      Totals:         3       0       0       0       0
   193 ;;Total ram usage:        3 bytes
   194 ;; This function calls:
   195 ;;		Nothing
   196 ;; This function is called by:
   197 ;;		Startup code after reset
   198 ;; This function uses a non-reentrant model
   199 ;;
   200                           
   201                           
   202                           ;psect for function _main
   203  07D9                     _main:	
   204                           
   205                           ;main.c: 13: TRISB = 0x00;
   206                           
   207                           ;incstack = 0
   208                           ; Regs used in _main: [wreg+status,2+status,0]
   209  07D9  1683               	bsf	3,5	;RP0=1, select bank1
   210  07DA  1303               	bcf	3,6	;RP1=0, select bank1
   211  07DB  0186               	clrf	6	;volatile
   212                           
   213                           ;main.c: 14: ANSEL = 0;
   214  07DC  1683               	bsf	3,5	;RP0=1, select bank3
   215  07DD  1703               	bsf	3,6	;RP1=1, select bank3
   216  07DE  0188               	clrf	8	;volatile
   217                           
   218                           ;main.c: 15: ANSELH = 0;
   219  07DF  0189               	clrf	9	;volatile
   220  07E0                     l488:	
   221                           ;main.c: 17: while(1){
   222                           
   223                           
   224                           ;main.c: 18: PORTB = global4;
   225  07E0  0874               	movf	_global4,w
   226  07E1  1283               	bcf	3,5	;RP0=0, select bank0
   227  07E2  1303               	bcf	3,6	;RP1=0, select bank0
   228  07E3  0086               	movwf	6	;volatile
   229                           
   230                           ;main.c: 19: global4++;
   231  07E4  3001               	movlw	1
   232  07E5  00F6               	movwf	??_main
   233  07E6  0876               	movf	??_main,w
   234  07E7  07F4               	addwf	_global4,f
   235                           
   236                           ;main.c: 20: _delay((unsigned long)((1000)*(4000000/4000.0)));
   237  07E8  3006               	movlw	6
   238  07E9  00F8               	movwf	??_main+2
   239  07EA  3013               	movlw	19
   240  07EB  00F7               	movwf	??_main+1
   241  07EC  30AD               	movlw	173
   242  07ED  00F6               	movwf	??_main
   243  07EE                     u17:	
   244  07EE  0BF6               	decfsz	??_main,f
   245  07EF  2FEE               	goto	u17
   246  07F0  0BF7               	decfsz	??_main+1,f
   247  07F1  2FEE               	goto	u17
   248  07F2  0BF8               	decfsz	??_main+2,f
   249  07F3  2FEE               	goto	u17
   250  07F4  2FF5               	nop2
   251  07F5  2FE0               	goto	l488
   252  07F6                     __end_of_main:	
   253  007E                     btemp	set	126	;btemp
   254  007E                     wtemp0	set	126


Data Sizes:
    Strings     0
    Constant    0
    Data        0
    BSS         6
    Persistent  0
    Stack       0

Auto Spaces:
    Space          Size  Autos    Used
    COMMON           14      3       9
    BANK0            80      0       0
    BANK1            80      0       0
    BANK3            96      0       0
    BANK2            96      0       0

Pointer List with Targets:

    None.

Critical Paths under _main in COMMON

    None.

Critical Paths under _main in BANK0

    None.

Critical Paths under _main in BANK1

    None.

Critical Paths under _main in BANK3

    None.

Critical Paths under _main in BANK2

    None.

Call Graph Tables:

 ---------------------------------------------------------------------------------
 (Depth) Function   	        Calls       Base Space   Used Autos Params    Refs
 ---------------------------------------------------------------------------------
 (0) _main                                                 3     3      0       0
                                              0 COMMON     3     3      0
 ---------------------------------------------------------------------------------
 Estimated maximum stack depth 0
 ---------------------------------------------------------------------------------

 Call Graph Graphs:

 _main (ROOT)

 Address spaces:
Name               Size   Autos  Total    Cost      Usage
BITCOMMON            E      0       0       0        0.0%
EEDATA             100      0       0       0        0.0%
NULL                 0      0       0       0        0.0%
CODE                 0      0       0       0        0.0%
COMMON               E      3       9       1       64.3%
BITSFR0              0      0       0       1        0.0%
SFR0                 0      0       0       1        0.0%
BITSFR1              0      0       0       2        0.0%
SFR1                 0      0       0       2        0.0%
STACK                0      0       0       2        0.0%
ABS                  0      0       9       3        0.0%
BITBANK0            50      0       0       4        0.0%
BITSFR3              0      0       0       4        0.0%
SFR3                 0      0       0       4        0.0%
BANK0               50      0       0       5        0.0%
BITSFR2              0      0       0       5        0.0%
SFR2                 0      0       0       5        0.0%
BITBANK1            50      0       0       6        0.0%
BANK1               50      0       0       7        0.0%
BITBANK3            60      0       0       8        0.0%
BANK3               60      0       0       9        0.0%
BITBANK2            60      0       0      10        0.0%
BANK2               60      0       0      11        0.0%
DATA                 0      0       9      12        0.0%


Microchip Technology PIC Macro Assembler V1.45 build -152302408 
Symbol Table                                                                                   Thu Feb 13 16:43:38 2020

                     u17 07EE                      l488 07E0                     _main 07D9  
                   btemp 007E                     start 0000                    ?_main 0076  
                  _ANSEL 0188                    _PORTB 0006                    _TRISB 0086  
                  status 0003                    wtemp0 007E          __initialization 07F6  
           __end_of_main 07F6                   ??_main 0076                   _ANSELH 0189  
__end_of__initialization 07FC           __pcstackCOMMON 0076               __pmaintext 07D9  
                _global1 0070                  _global2 0075                  _global3 0072  
                _global4 0074     end_of_initialization 07FC      start_initialization 07F6  
            __pbssCOMMON 0070                ___latbits 0002            __size_of_main 001D  
