

Microchip Technology PIC LITE Macro Assembler V1.45 build -152302408 
                                                                                               Fri Feb 14 11:33:30 2020

Microchip Technology Omniscient Code Generator v1.45 (Free mode) build 201711160504
     1                           	processor	16F887
     2                           	opt	pw 120
     3                           	opt	lm
     4                           	psect	cinit,global,class=CODE,merge=1,delta=2
     5                           	psect	bssCOMMON,global,class=COMMON,space=1,delta=1
     6                           	psect	cstackCOMMON,global,class=COMMON,space=1,delta=1
     7                           	psect	maintext,global,class=CODE,split=1,delta=2
     8                           	dabs	1,0x7E,2
     9  0000                     
    10                           ; Version 1.45
    11                           ; Generated 16/11/2017 GMT
    12                           ; 
    13                           ; Copyright © 2017, Microchip Technology Inc. and its subsidiaries ("Microchip")
    14                           ; All rights reserved.
    15                           ; 
    16                           ; This software is developed by Microchip Technology Inc. and its subsidiaries ("Microch
      +                          ip").
    17                           ; 
    18                           ; Redistribution and use in source and binary forms, with or without modification, are
    19                           ; permitted provided that the following conditions are met:
    20                           ; 
    21                           ;     1. Redistributions of source code must retain the above copyright notice, this lis
      +                          t of
    22                           ;        conditions and the following disclaimer.
    23                           ; 
    24                           ;     2. Redistributions in binary form must reproduce the above copyright notice, this 
      +                          list
    25                           ;        of conditions and the following disclaimer in the documentation and/or other
    26                           ;        materials provided with the distribution.
    27                           ; 
    28                           ;     3. Microchip's name may not be used to endorse or promote products derived from th
      +                          is
    29                           ;        software without specific prior written permission.
    30                           ; 
    31                           ; THIS SOFTWARE IS PROVIDED BY MICROCHIP "AS IS" AND ANY EXPRESS OR IMPLIED WARRANTIES,
    32                           ; INCLUDING, BUT NOT LIMITED TO, THE IMPLIED WARRANTIES OF MERCHANTABILITY AND FITNESS F
      +                          OR
    33                           ; PURPOSE ARE DISCLAIMED.  IN NO EVENT SHALL MICROCHIP BE LIABLE FOR ANY DIRECT, INDIREC
      +                          T,
    34                           ; INCIDENTAL, SPECIAL, EXEMPLARY, OR CONSEQUENTIAL DAMAGES (INCLUDING BUT NOT LIMITED TO
    35                           ; PROCUREMENT OF SUBSTITUTE GOODS OR SERVICES; LOSS OF USE, DATA OR PROFITS; OR BUSINESS
    36                           ; INTERRUPTION) HOWSOEVER CAUSED AND ON ANY THEORY OF LIABILITY, WHETHER IN CONTRACT, ST
      +                          RICT
    37                           ; LIABILITY, OR TORT (INCLUDING NEGLIGENCE OR OTHERWISE) ARISING IN ANY WAY OUT OF THE U
      +                          SE OF
    38                           ; THIS SOFTWARE, EVEN IF ADVISED OF THE POSSIBILITY OF SUCH DAMAGE.
    39                           ; 
    40                           ; 
    41                           ; Code-generator required, PIC16F887 Definitions
    42                           ; 
    43                           ; SFR Addresses
    44  0000                     	;# 
    45  0001                     	;# 
    46  0002                     	;# 
    47  0003                     	;# 
    48  0004                     	;# 
    49  0005                     	;# 
    50  0006                     	;# 
    51  0007                     	;# 
    52  0008                     	;# 
    53  0009                     	;# 
    54  000A                     	;# 
    55  000B                     	;# 
    56  000C                     	;# 
    57  000D                     	;# 
    58  000E                     	;# 
    59  000E                     	;# 
    60  000F                     	;# 
    61  0010                     	;# 
    62  0011                     	;# 
    63  0012                     	;# 
    64  0013                     	;# 
    65  0014                     	;# 
    66  0015                     	;# 
    67  0015                     	;# 
    68  0016                     	;# 
    69  0017                     	;# 
    70  0018                     	;# 
    71  0019                     	;# 
    72  001A                     	;# 
    73  001B                     	;# 
    74  001B                     	;# 
    75  001C                     	;# 
    76  001D                     	;# 
    77  001E                     	;# 
    78  001F                     	;# 
    79  0081                     	;# 
    80  0085                     	;# 
    81  0086                     	;# 
    82  0087                     	;# 
    83  0088                     	;# 
    84  0089                     	;# 
    85  008C                     	;# 
    86  008D                     	;# 
    87  008E                     	;# 
    88  008F                     	;# 
    89  0090                     	;# 
    90  0091                     	;# 
    91  0092                     	;# 
    92  0093                     	;# 
    93  0093                     	;# 
    94  0093                     	;# 
    95  0094                     	;# 
    96  0095                     	;# 
    97  0096                     	;# 
    98  0097                     	;# 
    99  0098                     	;# 
   100  0099                     	;# 
   101  009A                     	;# 
   102  009B                     	;# 
   103  009C                     	;# 
   104  009D                     	;# 
   105  009E                     	;# 
   106  009F                     	;# 
   107  0105                     	;# 
   108  0107                     	;# 
   109  0108                     	;# 
   110  0109                     	;# 
   111  010C                     	;# 
   112  010C                     	;# 
   113  010D                     	;# 
   114  010E                     	;# 
   115  010F                     	;# 
   116  0185                     	;# 
   117  0187                     	;# 
   118  0188                     	;# 
   119  0189                     	;# 
   120  018C                     	;# 
   121  018D                     	;# 
   122  001F                     _ADCON0	set	31
   123  0085                     _TRISA	set	133
   124  0188                     _ANSEL	set	392
   125                           
   126                           	psect	cinit
   127  07F6                     start_initialization:	
   128                           ; #config settings
   129                           
   130  07F6                     __initialization:	
   131                           
   132                           ; Clear objects allocated to COMMON
   133  07F6  01F0               	clrf	__pbssCOMMON& (0+127)
   134  07F7  01F1               	clrf	(__pbssCOMMON+1)& (0+127)
   135  07F8  01F2               	clrf	(__pbssCOMMON+2)& (0+127)
   136  07F9  01F3               	clrf	(__pbssCOMMON+3)& (0+127)
   137  07FA  01F4               	clrf	(__pbssCOMMON+4)& (0+127)
   138  07FB  01F5               	clrf	(__pbssCOMMON+5)& (0+127)
   139  07FC                     end_of_initialization:	
   140                           ;End of C runtime variable initialization code
   141                           
   142  07FC                     __end_of__initialization:	
   143  07FC  0183               	clrf	3
   144  07FD  120A  118A  2FEA   	ljmp	_main	;jump to C main() function
   145                           
   146                           	psect	bssCOMMON
   147  0070                     __pbssCOMMON:	
   148  0070                     _global1:	
   149  0070                     	ds	2
   150  0072                     _global3:	
   151  0072                     	ds	2
   152  0074                     _global4:	
   153  0074                     	ds	1
   154  0075                     _global2:	
   155  0075                     	ds	1
   156                           
   157                           	psect	cstackCOMMON
   158  0000                     __pcstackCOMMON:	
   159  0000                     ?_main:	
   160  0000                     ??_main:	
   161                           ; 1 bytes @ 0x0
   162                           
   163                           
   164                           	psect	maintext
   165  07EA                     __pmaintext:	
   166                           ; 1 bytes @ 0x0
   167 ;;
   168 ;;Main: autosize = 0, tempsize = 0, incstack = 0, save=0
   169 ;;
   170 ;; *************** function _main *****************
   171 ;; Defined at:
   172 ;;		line 11 in file "C:\Users\Aluno\Desktop\PortableGit\pedro\dc-motor-control\code\dc_motor_control.c"
   173 ;; Parameters:    Size  Location     Type
   174 ;;		None
   175 ;; Auto vars:     Size  Location     Type
   176 ;;		None
   177 ;; Return value:  Size  Location     Type
   178 ;;                  1    wreg      void 
   179 ;; Registers used:
   180 ;;		wreg, status,2
   181 ;; Tracked objects:
   182 ;;		On entry : B00/0
   183 ;;		On exit  : 0/0
   184 ;;		Unchanged: 0/0
   185 ;; Data sizes:     COMMON   BANK0   BANK1   BANK3   BANK2
   186 ;;      Params:         0       0       0       0       0
   187 ;;      Locals:         0       0       0       0       0
   188 ;;      Temps:          0       0       0       0       0
   189 ;;      Totals:         0       0       0       0       0
   190 ;;Total ram usage:        0 bytes
   191 ;; This function calls:
   192 ;;		Nothing
   193 ;; This function is called by:
   194 ;;		Startup code after reset
   195 ;; This function uses a non-reentrant model
   196 ;;
   197                           
   198                           
   199                           ;psect for function _main
   200  07EA                     _main:	
   201  07EA                     l19:	
   202                           ;incstack = 0
   203                           ; Regs used in _main: [wreg+status,2]
   204                           ;dc_motor_control.c: 13: while(1)
   205                           
   206                           
   207                           ;dc_motor_control.c: 14: {
   208                           ;dc_motor_control.c: 17: TRISA |= (1<<0);
   209  07EA  1683               	bsf	3,5	;RP0=1, select bank1
   210  07EB  1303               	bcf	3,6	;RP1=0, select bank1
   211  07EC  1405               	bsf	5,0	;volatile
   212                           
   213                           ;dc_motor_control.c: 18: ANSEL |= (1<<0);
   214  07ED  1683               	bsf	3,5	;RP0=1, select bank3
   215  07EE  1703               	bsf	3,6	;RP1=1, select bank3
   216  07EF  1408               	bsf	8,0	;volatile
   217                           
   218                           ;dc_motor_control.c: 20: ADCON0 = 0x00;
   219  07F0  1283               	bcf	3,5	;RP0=0, select bank0
   220  07F1  1303               	bcf	3,6	;RP1=0, select bank0
   221  07F2  019F               	clrf	31	;volatile
   222                           
   223                           ;dc_motor_control.c: 21: ADCON0 = 0b01000001;
   224  07F3  3041               	movlw	65
   225  07F4  009F               	movwf	31	;volatile
   226  07F5  2FEA               	goto	l19
   227  07F6                     __end_of_main:	
   228  007E                     btemp	set	126	;btemp
   229  007E                     wtemp0	set	126


Data Sizes:
    Strings     0
    Constant    0
    Data        0
    BSS         6
    Persistent  0
    Stack       0

Auto Spaces:
    Space          Size  Autos    Used
    COMMON           14      0       6
    BANK0            80      0       0
    BANK1            80      0       0
    BANK3            96      0       0
    BANK2            96      0       0

Pointer List with Targets:

    None.

Critical Paths under _main in COMMON

    None.

Critical Paths under _main in BANK0

    None.

Critical Paths under _main in BANK1

    None.

Critical Paths under _main in BANK3

    None.

Critical Paths under _main in BANK2

    None.

Call Graph Tables:

 ---------------------------------------------------------------------------------
 (Depth) Function   	        Calls       Base Space   Used Autos Params    Refs
 ---------------------------------------------------------------------------------
 (0) _main                                                 0     0      0       0
 ---------------------------------------------------------------------------------
 Estimated maximum stack depth 0
 ---------------------------------------------------------------------------------

 Call Graph Graphs:

 _main (ROOT)

 Address spaces:
Name               Size   Autos  Total    Cost      Usage
BITCOMMON            E      0       0       0        0.0%
EEDATA             100      0       0       0        0.0%
NULL                 0      0       0       0        0.0%
CODE                 0      0       0       0        0.0%
COMMON               E      0       6       1       42.9%
BITSFR0              0      0       0       1        0.0%
SFR0                 0      0       0       1        0.0%
BITSFR1              0      0       0       2        0.0%
SFR1                 0      0       0       2        0.0%
STACK                0      0       0       2        0.0%
ABS                  0      0       6       3        0.0%
BITBANK0            50      0       0       4        0.0%
BITSFR3              0      0       0       4        0.0%
SFR3                 0      0       0       4        0.0%
BANK0               50      0       0       5        0.0%
BITSFR2              0      0       0       5        0.0%
SFR2                 0      0       0       5        0.0%
BITBANK1            50      0       0       6        0.0%
BANK1               50      0       0       7        0.0%
BITBANK3            60      0       0       8        0.0%
BANK3               60      0       0       9        0.0%
BITBANK2            60      0       0      10        0.0%
BANK2               60      0       0      11        0.0%
DATA                 0      0       6      12        0.0%


Microchip Technology PIC Macro Assembler V1.45 build -152302408 
Symbol Table                                                                                   Fri Feb 14 11:33:30 2020

                     l19 07EA                     _main 07EA                     btemp 007E  
                   start 0000                    ?_main 0000                    _ANSEL 0188  
                  _TRISA 0085                    status 0003                    wtemp0 007E  
        __initialization 07F6             __end_of_main 07F6                   ??_main 0000  
                 _ADCON0 001F  __end_of__initialization 07FC           __pcstackCOMMON 0000  
             __pmaintext 07EA                  _global1 0070                  _global2 0075  
                _global3 0072                  _global4 0074     end_of_initialization 07FC  
    start_initialization 07F6              __pbssCOMMON 0070                ___latbits 0002  
          __size_of_main 000C  
